<?xml version="1.0" encoding="UTF-8"?>
<coverage generated="1662358420881" clover="3.2.0">
  <project timestamp="1662358420881" name="All files">
    <metrics statements="53" coveredstatements="27" conditionals="11" coveredconditionals="3" methods="13" coveredmethods="4" elements="77" coveredelements="34" complexity="0" loc="53" ncloc="53" packages="5" files="6" classes="6"/>
    <package name="Components.BtnIconText">
      <metrics statements="3" coveredstatements="3" conditionals="0" coveredconditionals="0" methods="1" coveredmethods="1"/>
      <file name="BtnIconText.jsx" path="C:\Users\user\tracker\front\src\Components\BtnIconText\BtnIconText.jsx">
        <metrics statements="3" coveredstatements="3" conditionals="0" coveredconditionals="0" methods="1" coveredmethods="1"/>
        <line num="4" count="2" type="stmt"/>
        <line num="8" count="2" type="stmt"/>
        <line num="9" count="14" type="stmt"/>
      </file>
    </package>
    <package name="Components.Card">
      <metrics statements="3" coveredstatements="3" conditionals="0" coveredconditionals="0" methods="1" coveredmethods="1"/>
      <file name="Card.jsx" path="C:\Users\user\tracker\front\src\Components\Card\Card.jsx">
        <metrics statements="3" coveredstatements="3" conditionals="0" coveredconditionals="0" methods="1" coveredmethods="1"/>
        <line num="4" count="1" type="stmt"/>
        <line num="12" count="1" type="stmt"/>
        <line num="13" count="1" type="stmt"/>
      </file>
    </package>
    <package name="Components.NavBar.NavBar">
      <metrics statements="9" coveredstatements="7" conditionals="4" coveredconditionals="2" methods="2" coveredmethods="1"/>
      <file name="NavBar.jsx" path="C:\Users\user\tracker\front\src\Components\NavBar\NavBar\NavBar.jsx">
        <metrics statements="9" coveredstatements="7" conditionals="4" coveredconditionals="2" methods="2" coveredmethods="1"/>
        <line num="6" count="1" type="stmt"/>
        <line num="14" count="1" type="stmt"/>
        <line num="19" count="1" type="stmt"/>
        <line num="25" count="1" type="stmt"/>
        <line num="26" count="4" type="stmt"/>
        <line num="28" count="4" type="stmt"/>
        <line num="29" count="0" type="stmt"/>
        <line num="30" count="0" type="stmt"/>
        <line num="33" count="4" type="stmt"/>
      </file>
    </package>
    <package name="Pages.Login">
      <metrics statements="12" coveredstatements="9" conditionals="0" coveredconditionals="0" methods="3" coveredmethods="1"/>
      <file name="Login.jsx" path="C:\Users\user\tracker\front\src\Pages\Login\Login.jsx">
        <metrics statements="8" coveredstatements="5" conditionals="0" coveredconditionals="0" methods="3" coveredmethods="1"/>
        <line num="13" count="1" type="stmt"/>
        <line num="14" count="1" type="stmt"/>
        <line num="15" count="1" type="stmt"/>
        <line num="16" count="1" type="stmt"/>
        <line num="17" count="0" type="stmt"/>
        <line num="18" count="0" type="stmt"/>
        <line num="21" count="1" type="stmt"/>
        <line num="30" count="0" type="stmt"/>
      </file>
      <file name="Login.style.js" path="C:\Users\user\tracker\front\src\Pages\Login\Login.style.js">
        <metrics statements="4" coveredstatements="4" conditionals="0" coveredconditionals="0" methods="0" coveredmethods="0"/>
        <line num="3" count="1" type="stmt"/>
        <line num="13" count="1" type="stmt"/>
        <line num="19" count="1" type="stmt"/>
        <line num="24" count="1" type="stmt"/>
      </file>
    </package>
    <package name="context">
      <metrics statements="26" coveredstatements="5" conditionals="7" coveredconditionals="1" methods="6" coveredmethods="0"/>
      <file name="authContext.js" path="C:\Users\user\tracker\front\src\context\authContext.js">
        <metrics statements="26" coveredstatements="5" conditionals="7" coveredconditionals="1" methods="6" coveredmethods="0"/>
        <line num="4" count="2" type="stmt"/>
        <line num="9" count="2" type="cond" truecount="1" falsecount="1"/>
        <line num="12" count="0" type="stmt"/>
        <line num="13" count="0" type="stmt"/>
        <line num="18" count="0" type="cond" truecount="0" falsecount="2"/>
        <line num="19" count="0" type="stmt"/>
        <line num="21" count="0" type="stmt"/>
        <line num="25" count="2" type="stmt"/>
        <line num="32" count="2" type="stmt"/>
        <line num="33" count="0" type="cond" truecount="0" falsecount="3"/>
        <line num="35" count="0" type="stmt"/>
        <line num="39" count="0" type="stmt"/>
        <line num="42" count="0" type="stmt"/>
        <line num="47" count="0" type="stmt"/>
        <line num="50" count="0" type="stmt"/>
        <line num="51" count="0" type="stmt"/>
        <line num="55" count="2" type="stmt"/>
        <line num="56" count="0" type="stmt"/>
        <line num="58" count="0" type="stmt"/>
        <line num="59" count="0" type="stmt"/>
        <line num="60" count="0" type="stmt"/>
        <line num="64" count="0" type="stmt"/>
        <line num="67" count="0" type="stmt"/>
        <line num="68" count="0" type="stmt"/>
        <line num="69" count="0" type="stmt"/>
        <line num="72" count="0" type="stmt"/>
      </file>
    </package>
  </project>
</coverage>
