{"C:\\Users\\user\\tracker\\front\\src\\Pages\\Login\\Login.jsx": {"path":"C:\\Users\\user\\tracker\\front\\src\\Pages\\Login\\Login.jsx","statementMap":{"0":{"start":{"line":7,"column":14},"end":{"line":28,"column":1}},"1":{"start":{"line":8,"column":20},"end":{"line":8,"column":42}},"2":{"start":{"line":9,"column":19},"end":{"line":9,"column":32}},"3":{"start":{"line":10,"column":19},"end":{"line":13,"column":3}},"4":{"start":{"line":11,"column":4},"end":{"line":11,"column":31}},"5":{"start":{"line":12,"column":4},"end":{"line":12,"column":46}},"6":{"start":{"line":15,"column":2},"end":{"line":27,"column":4}},"7":{"start":{"line":22,"column":12},"end":{"line":22,"column":33}}},"fnMap":{"0":{"name":"(anonymous_0)","decl":{"start":{"line":7,"column":14},"end":{"line":7,"column":15}},"loc":{"start":{"line":7,"column":20},"end":{"line":28,"column":1}},"line":7},"1":{"name":"(anonymous_1)","decl":{"start":{"line":10,"column":19},"end":{"line":10,"column":20}},"loc":{"start":{"line":10,"column":33},"end":{"line":13,"column":3}},"line":10},"2":{"name":"(anonymous_2)","decl":{"start":{"line":21,"column":19},"end":{"line":21,"column":20}},"loc":{"start":{"line":21,"column":32},"end":{"line":23,"column":11}},"line":21}},"branchMap":{},"s":{"0":1,"1":1,"2":1,"3":1,"4":0,"5":0,"6":1,"7":0},"f":{"0":1,"1":0,"2":0},"b":{},"_coverageSchema":"1a1c01bbd47fc00a2c39e90264f33305004495a9","hash":"708f741707bb88f343c228ef9f9539d16efd7aea"}
,"C:\\Users\\user\\tracker\\front\\src\\Pages\\Login\\Login.style.js": {"path":"C:\\Users\\user\\tracker\\front\\src\\Pages\\Login\\Login.style.js","statementMap":{"0":{"start":{"line":3,"column":25},"end":{"line":8,"column":1}},"1":{"start":{"line":10,"column":30},"end":{"line":13,"column":1}}},"fnMap":{},"branchMap":{},"s":{"0":1,"1":1},"f":{},"b":{},"_coverageSchema":"1a1c01bbd47fc00a2c39e90264f33305004495a9","hash":"a993cae12f75c83f77604f626d726b7098709f6b"}
,"C:\\Users\\user\\tracker\\front\\src\\context\\authContext.js": {"path":"C:\\Users\\user\\tracker\\front\\src\\context\\authContext.js","statementMap":{"0":{"start":{"line":4,"column":21},"end":{"line":6,"column":1}},"1":{"start":{"line":9,"column":0},"end":{"line":23,"column":1}},"2":{"start":{"line":12,"column":22},"end":{"line":12,"column":62}},"3":{"start":{"line":13,"column":14},"end":{"line":13,"column":29}},"4":{"start":{"line":18,"column":2},"end":{"line":22,"column":3}},"5":{"start":{"line":19,"column":4},"end":{"line":19,"column":37}},"6":{"start":{"line":21,"column":4},"end":{"line":21,"column":36}},"7":{"start":{"line":25,"column":19},"end":{"line":29,"column":2}},"8":{"start":{"line":32,"column":20},"end":{"line":53,"column":1}},"9":{"start":{"line":33,"column":2},"end":{"line":52,"column":3}},"10":{"start":{"line":35,"column":6},"end":{"line":38,"column":8}},"11":{"start":{"line":39,"column":6},"end":{"line":39,"column":12}},"12":{"start":{"line":42,"column":8},"end":{"line":45,"column":10}},"13":{"start":{"line":47,"column":6},"end":{"line":47,"column":12}},"14":{"start":{"line":50,"column":6},"end":{"line":50,"column":19}},"15":{"start":{"line":51,"column":6},"end":{"line":51,"column":12}},"16":{"start":{"line":55,"column":21},"end":{"line":77,"column":1}},"17":{"start":{"line":56,"column":28},"end":{"line":56,"column":65}},"18":{"start":{"line":58,"column":16},"end":{"line":64,"column":3}},"19":{"start":{"line":59,"column":4},"end":{"line":59,"column":54}},"20":{"start":{"line":60,"column":4},"end":{"line":63,"column":7}},"21":{"start":{"line":66,"column":17},"end":{"line":69,"column":3}},"22":{"start":{"line":67,"column":4},"end":{"line":67,"column":37}},"23":{"start":{"line":68,"column":4},"end":{"line":68,"column":33}},"24":{"start":{"line":71,"column":2},"end":{"line":76,"column":4}}},"fnMap":{"0":{"name":"(anonymous_0)","decl":{"start":{"line":27,"column":9},"end":{"line":27,"column":10}},"loc":{"start":{"line":27,"column":23},"end":{"line":27,"column":25}},"line":27},"1":{"name":"(anonymous_1)","decl":{"start":{"line":28,"column":10},"end":{"line":28,"column":11}},"loc":{"start":{"line":28,"column":16},"end":{"line":28,"column":18}},"line":28},"2":{"name":"(anonymous_2)","decl":{"start":{"line":32,"column":20},"end":{"line":32,"column":21}},"loc":{"start":{"line":32,"column":39},"end":{"line":53,"column":1}},"line":32},"3":{"name":"(anonymous_3)","decl":{"start":{"line":55,"column":21},"end":{"line":55,"column":22}},"loc":{"start":{"line":55,"column":32},"end":{"line":77,"column":1}},"line":55},"4":{"name":"(anonymous_4)","decl":{"start":{"line":58,"column":16},"end":{"line":58,"column":17}},"loc":{"start":{"line":58,"column":40},"end":{"line":64,"column":3}},"line":58},"5":{"name":"(anonymous_5)","decl":{"start":{"line":66,"column":17},"end":{"line":66,"column":18}},"loc":{"start":{"line":66,"column":23},"end":{"line":69,"column":3}},"line":66}},"branchMap":{"0":{"loc":{"start":{"line":9,"column":0},"end":{"line":23,"column":1}},"type":"if","locations":[{"start":{"line":9,"column":0},"end":{"line":23,"column":1}},{"start":{},"end":{}}],"line":9},"1":{"loc":{"start":{"line":18,"column":2},"end":{"line":22,"column":3}},"type":"if","locations":[{"start":{"line":18,"column":2},"end":{"line":22,"column":3}},{"start":{"line":20,"column":9},"end":{"line":22,"column":3}}],"line":18},"2":{"loc":{"start":{"line":33,"column":2},"end":{"line":52,"column":3}},"type":"switch","locations":[{"start":{"line":34,"column":4},"end":{"line":39,"column":12}},{"start":{"line":40,"column":4},"end":{"line":47,"column":12}},{"start":{"line":49,"column":4},"end":{"line":51,"column":12}}],"line":33}},"s":{"0":1,"1":1,"2":0,"3":0,"4":0,"5":0,"6":0,"7":1,"8":1,"9":0,"10":0,"11":0,"12":0,"13":0,"14":0,"15":0,"16":1,"17":0,"18":0,"19":0,"20":0,"21":0,"22":0,"23":0,"24":0},"f":{"0":0,"1":0,"2":0,"3":0,"4":0,"5":0},"b":{"0":[0,1],"1":[0,0],"2":[0,0,0]},"_coverageSchema":"1a1c01bbd47fc00a2c39e90264f33305004495a9","hash":"1eb6919950fc62529ffb8cef187c48067130eb8d"}
}
