TN:
SF:src\Components\Card\Card.jsx
FN:12,(anonymous_0)
FNF:1
FNH:1
FNDA:1,(anonymous_0)
DA:4,1
DA:12,1
DA:13,1
LF:3
LH:3
BRF:0
BRH:0
end_of_record
TN:
SF:src\Pages\Login\Login.jsx
FN:13,(anonymous_0)
FN:16,(anonymous_1)
FN:29,(anonymous_2)
FNF:3
FNH:1
FNDA:1,(anonymous_0)
FNDA:0,(anonymous_1)
FNDA:0,(anonymous_2)
DA:13,1
DA:14,1
DA:15,1
DA:16,1
DA:17,0
DA:18,0
DA:21,1
DA:30,0
LF:8
LH:5
BRF:0
BRH:0
end_of_record
TN:
SF:src\Pages\Login\Login.style.js
FNF:0
FNH:0
DA:3,1
DA:13,1
DA:19,1
DA:24,1
LF:4
LH:4
BRF:0
BRH:0
end_of_record
TN:
SF:src\context\authContext.js
FN:27,(anonymous_0)
FN:28,(anonymous_1)
FN:32,(anonymous_2)
FN:55,(anonymous_3)
FN:58,(anonymous_4)
FN:67,(anonymous_5)
FNF:6
FNH:0
FNDA:0,(anonymous_0)
FNDA:0,(anonymous_1)
FNDA:0,(anonymous_2)
FNDA:0,(anonymous_3)
FNDA:0,(anonymous_4)
FNDA:0,(anonymous_5)
DA:4,1
DA:9,1
DA:12,0
DA:13,0
DA:18,0
DA:19,0
DA:21,0
DA:25,1
DA:32,1
DA:33,0
DA:35,0
DA:39,0
DA:42,0
DA:47,0
DA:50,0
DA:51,0
DA:55,1
DA:56,0
DA:58,0
DA:59,0
DA:60,0
DA:64,0
DA:67,0
DA:68,0
DA:69,0
DA:72,0
LF:26
LH:5
BRDA:9,0,0,0
BRDA:9,0,1,1
BRDA:18,1,0,0
BRDA:18,1,1,0
BRDA:33,2,0,0
BRDA:33,2,1,0
BRDA:33,2,2,0
BRF:7
BRH:1
end_of_record
